<?xml version="1.0" encoding="UTF-8" ?>
<testsuite tests="10" failures="0" name="com.qfedu.hrs.TestSuite01" time="0.125" errors="0" skipped="0">
  <properties>
[...]
</properties>
  <testcase classname="com.qfedu.hrs.util.CommonUtilTest" name="testAdd" time="0"/>
  <testcase classname="com.qfedu.hrs.util.CommonUtilTest" name="testFactorial" time="0"/>
  <testcase classname="com.qfedu.hrs.util.CommonUtilTest" name="testAssertionError" time="0"/>
  <testcase classname="com.qfedu.hrs.util.CommonUtilTest" name="testRandomInt" time="0.06"/>
  <testcase classname="com.qfedu.hrs.util.CommonUtilTest" name="testIndexOutOfBounds" time="0"/>
  <testcase classname="com.qfedu.hrs.util.CommonUtilTest" name="testDivide" time="0"/>
  <testcase classname="com.qfedu.hrs.util.CommonUtilTest" name="testIsValidForTriangle" time="0"/>
  <testcase classname="com.qfedu.hrs.service.DeptServiceTest" name="testListAllDepts" time="0.013"/>
  <testcase classname="com.qfedu.hrs.service.DeptServiceTest" name="testAddAndRemoveDept" time="0.015"/>
  <testcase classname="com.qfedu.hrs.controller.DeptControllerTest" name="testShowDepts" time="0.037"/>
</testsuite>